<?xml version="1.0" encoding="UTF-8"?>
<testsuite xmlns:xsi="http://www.w3.org/2001/XMLSchema-instance" xsi:noNamespaceSchemaLocation="https://maven.apache.org/surefire/maven-surefire-plugin/xsd/surefire-test-report-3.0.xsd" version="3.0" name="hu.nye.Connect4GameTest" time="0.898" tests="17" errors="0" skipped="0" failures="0">
  <properties>
[...]
</properties>
  <testcase name="testSwitchPlayer" classname="hu.nye.Connect4GameTest" time="0.033"/>
  <testcase name="testCheckWinHorizontal" classname="hu.nye.Connect4GameTest" time="0.002"/>
  <testcase name="testCheckDrawWhenBoardIsFull" classname="hu.nye.Connect4GameTest" time="0.002"/>
  <testcase name="testShowHighScoresEmptyFile" classname="hu.nye.Connect4GameTest" time="0.003">
    <system-out><![CDATA[High Scores:
Player: 10
AnotherPlayer: 5
]]></system-out>
  </testcase>
  <testcase name="testCheckWinDiagonalBottomLeftToTopRight" classname="hu.nye.Connect4GameTest" time="0.002"/>
  <testcase name="testGenerateComputerMove" classname="hu.nye.Connect4GameTest" time="0.003"/>
  <testcase name="testSaveAndLoadGameBoard" classname="hu.nye.Connect4GameTest" time="0.008"/>
  <testcase name="testLoadHighScores" classname="hu.nye.Connect4GameTest" time="0.004"/>
  <testcase name="testShowHighScores" classname="hu.nye.Connect4GameTest" time="0.005">
    <system-out><![CDATA[High Scores:
Player: 5
Computer: 3
]]></system-out>
  </testcase>
  <testcase name="testHighScoresAreSorted" classname="hu.nye.Connect4GameTest" time="0.759"/>
  <testcase name="testCheckWinVertical" classname="hu.nye.Connect4GameTest" time="0.002"/>
  <testcase name="testCheckWinAfterMove" classname="hu.nye.Connect4GameTest" time="0.003"/>
  <testcase name="testCheckDraw" classname="hu.nye.Connect4GameTest" time="0.001"/>
  <testcase name="testCheckWinDiagonalTopLeftToBottomRight" classname="hu.nye.Connect4GameTest" time="0.002"/>
  <testcase name="testLoadGameBoardFileNotFound" classname="hu.nye.Connect4GameTest" time="0.003"/>
  <testcase name="testUpdateHighScores" classname="hu.nye.Connect4GameTest" time="0.012"/>
  <testcase name="testSaveHighScoresAfterGameEnds" classname="hu.nye.Connect4GameTest" time="0.003"/>
</testsuite>