<?xml version="1.0" encoding="UTF-8"?>
<testsuite xmlns:xsi="http://www.w3.org/2001/XMLSchema-instance" xsi:noNamespaceSchemaLocation="https://maven.apache.org/surefire/maven-surefire-plugin/xsd/surefire-test-report-3.0.xsd" version="3.0" name="hu.nye.GameBoardTest" time="0.017" tests="9" errors="0" skipped="0" failures="0">
  <properties>
[...]
</properties>
  <testcase name="testGetBoard" classname="hu.nye.GameBoardTest" time="0.0"/>
  <testcase name="testPlayMoveValid" classname="hu.nye.GameBoardTest" time="0.001"/>
  <testcase name="testNotEqualsWithDifferentObject" classname="hu.nye.GameBoardTest" time="0.003"/>
  <testcase name="testToString" classname="hu.nye.GameBoardTest" time="0.001"/>
  <testcase name="testPlayMoveInvalidColumnOutOfRange" classname="hu.nye.GameBoardTest" time="0.001"/>
  <testcase name="testPlayMoveColumnFull" classname="hu.nye.GameBoardTest" time="0.001"/>
  <testcase name="testHashCode" classname="hu.nye.GameBoardTest" time="0.001"/>
  <testcase name="testNotEqualsWithNull" classname="hu.nye.GameBoardTest" time="0.001"/>
  <testcase name="testEquals" classname="hu.nye.GameBoardTest" time="0.001"/>
</testsuite>